<?xml version="1.0" encoding="UTF-8"?>
<!-- Generated by org.testng.reporters.JUnitReportReporter -->
<testsuite hostname="Sonalis_AsusVB" failures="0" tests="3" name="TestRunnerPllel.PllRunnerTest" time="66.998" errors="0" timestamp="2024-05-17T18:35:40 IST" skipped="0">
  <testcase classname="TestRunnerPllel.PllRunnerTest" name="runScenario" time="24.772"/>
  <system-out/>
  <testcase classname="TestRunnerPllel.PllRunnerTest" name="runScenario" time="24.700"/>
  <system-out/>
  <testcase classname="TestRunnerPllel.PllRunnerTest" name="runScenario" time="17.526"/>
  <system-out/>
</testsuite> <!-- TestRunnerPllel.PllRunnerTest -->
